<?xml version="1.0" encoding="UTF-8"?>
<testsuite name="TestRunner.TestRunner" time="16.515" tests="2" errors="0" skipped="0" failures="2">
  <properties>
    <property name="java.vendor" value="Oracle Corporation"/>
    <property name="JOB_NAME" value="Test1"/>
    <property name="RUN_TESTS_DISPLAY_URL" value="http://localhost:8080/job/Test1/7/display/redirect?page=tests"/>
    <property name="sun.java.launcher" value="SUN_STANDARD"/>
    <property name="NUMBER_OF_PROCESSORS" value="4"/>
    <property name="sun.management.compiler" value="HotSpot 64-Bit Tiered Compilers"/>
    <property name="JENKINS_HOME" value="C:\Users\Bhumika\.jenkins"/>
    <property name="HUDSON_SERVER_COOKIE" value="ef705168f01d3f8a"/>
    <property name="POM_ARTIFACTID" value="TestAutomation"/>
    <property name="SynaProgDir" value="Synaptics\SynTP"/>
    <property name="os.name" value="Windows 10"/>
    <property name="sun.boot.class.path" value="C:\Program Files\Java\jdk1.8.0_271\jre\lib\resources.jar;C:\Program Files\Java\jdk1.8.0_271\jre\lib\rt.jar;C:\Program Files\Java\jdk1.8.0_271\jre\lib\sunrsasign.jar;C:\Program Files\Java\jdk1.8.0_271\jre\lib\jsse.jar;C:\Program Files\Java\jdk1.8.0_271\jre\lib\jce.jar;C:\Program Files\Java\jdk1.8.0_271\jre\lib\charsets.jar;C:\Program Files\Java\jdk1.8.0_271\jre\lib\jfr.jar;C:\Program Files\Java\jdk1.8.0_271\jre\classes"/>
    <property name="EXECUTOR_NUMBER" value="1"/>
    <property name="sun.desktop" value="windows"/>
    <property name="PATHEXT" value=".COM;.EXE;.BAT;.CMD;.VBS;.VBE;.JS;.JSE;.WSF;.WSH;.MSC"/>
    <property name="java.vm.specification.vendor" value="Oracle Corporation"/>
    <property name="POM_DISPLAYNAME" value="TestAutomation"/>
    <property name="NODE_LABELS" value="master"/>
    <property name="TEMP" value="C:\Users\Bhumika\AppData\Local\Temp"/>
    <property name="java.runtime.version" value="1.8.0_271-b09"/>
    <property name="user.name" value="Bhumika"/>
    <property name="guice.disable.misplaced.annotation.check" value="true"/>
    <property name="CommonProgramW6432" value="C:\Program Files\Common Files"/>
    <property name="ProgramFiles" value="C:\Program Files"/>
    <property name="PROMPT" value="$P$G"/>
    <property name="user.language" value="en"/>
    <property name="JOB_BASE_NAME" value="Test1"/>
    <property name="RUN_CHANGES_DISPLAY_URL" value="http://localhost:8080/job/Test1/7/display/redirect?page=changes"/>
    <property name="BUILD_DISPLAY_NAME" value="#7"/>
    <property name="OneDrive" value="C:\Users\Bhumika\OneDrive"/>
    <property name="sun.boot.library.path" value="C:\Program Files\Java\jdk1.8.0_271\jre\bin"/>
    <property name="LOCALAPPDATA" value="C:\Users\Bhumika\AppData\Local"/>
    <property name="java.version" value="1.8.0_271"/>
    <property name="PROCESSOR_LEVEL" value="6"/>
    <property name="user.timezone" value="Asia/Calcutta"/>
    <property name="USERNAME" value="Bhumika"/>
    <property name="sun.arch.data.model" value="64"/>
    <property name="NODE_NAME" value="master"/>
    <property name="java.endorsed.dirs" value="C:\Program Files\Java\jdk1.8.0_271\jre\lib\endorsed"/>
    <property name="BUILD_ID" value="7"/>
    <property name="sun.cpu.isalist" value="amd64"/>
    <property name="sun.jnu.encoding" value="Cp1252"/>
    <property name="file.encoding.pkg" value="sun.io"/>
    <property name="file.separator" value="\"/>
    <property name="java.specification.name" value="Java Platform API Specification"/>
    <property name="HOMEDRIVE" value="C:"/>
    <property name="maven.conf" value="C:\Program Files\apache-maven-3.8.1\conf"/>
    <property name="java.class.version" value="52.0"/>
    <property name="org.slf4j.simpleLogger.defaultLogLevel" value="info"/>
    <property name="user.country" value="US"/>
    <property name="ALLUSERSPROFILE" value="C:\ProgramData"/>
    <property name="java.home" value="C:\Program Files\Java\jdk1.8.0_271\jre"/>
    <property name="java.vm.info" value="mixed mode"/>
    <property name="os.version" value="10.0"/>
    <property name="=ExitCode" value="00000082"/>
    <property name="RUN_DISPLAY_URL" value="http://localhost:8080/job/Test1/7/display/redirect"/>
    <property name="POM_VERSION" value="1.0-SNAPSHOT"/>
    <property name="TMP" value="C:\Users\Bhumika\AppData\Local\Temp"/>
    <property name="RUN_ARTIFACTS_DISPLAY_URL" value="http://localhost:8080/job/Test1/7/display/redirect?page=artifacts"/>
    <property name="path.separator" value=";"/>
    <property name="java.vm.version" value="25.271-b09"/>
    <property name="user.variant" value=""/>
    <property name="GIT_PREVIOUS_COMMIT" value="9ccb5449fe8d5548ab07407f75b31d961abd4995"/>
    <property name="JOB_DISPLAY_URL" value="http://localhost:8080/job/Test1/display/redirect"/>
    <property name="CommonProgramFiles(x86)" value="C:\Program Files (x86)\Common Files"/>
    <property name="USERDOMAIN_ROAMINGPROFILE" value="BHUMIKA-PC"/>
    <property name="java.awt.printerjob" value="sun.awt.windows.WPrinterJob"/>
    <property name="JAVA_HOME" value="C:\Program Files\Java\jdk1.8.0_271"/>
    <property name="sun.io.unicode.encoding" value="UnicodeLittle"/>
    <property name="CommonProgramFiles" value="C:\Program Files\Common Files"/>
    <property name="ComSpec" value="C:\WINDOWS\system32\cmd.exe"/>
    <property name="awt.toolkit" value="sun.awt.windows.WToolkit"/>
    <property name="HOMEPATH" value="\Users\Bhumika"/>
    <property name="POM_PACKAGING" value="jar"/>
    <property name="user.script" value=""/>
    <property name="COMPUTERNAME" value="BHUMIKA-PC"/>
    <property name="POM_GROUPID" value="org.example"/>
    <property name="user.home" value="C:\Users\Bhumika"/>
    <property name="PUBLIC" value="C:\Users\Public"/>
    <property name="BUILD_TAG" value="jenkins-Test1-7"/>
    <property name="JENKINS_SERVER_COOKIE" value="ef705168f01d3f8a"/>
    <property name="HUDSON_URL" value="http://localhost:8080/"/>
    <property name="ProgramData" value="C:\ProgramData"/>
    <property name="java.specification.vendor" value="Oracle Corporation"/>
    <property name="USERPROFILE" value="C:\Users\Bhumika"/>
    <property name="CLASSPATH" value=""/>
    <property name="java.vendor.url" value="http://java.oracle.com/"/>
    <property name="java.library.path" value="C:\Program Files\Java\jdk1.8.0_271\bin;C:\WINDOWS\Sun\Java\bin;C:\WINDOWS\system32;C:\WINDOWS;C:\Program Files\apache-maven-3.8.1/bin;C:\Program Files\Java\jdk1.8.0_271/bin;C:\Program Files\Java\jdk1.8.0_271/bin;C:\WINDOWS\system32;C:\WINDOWS;C:\WINDOWS\System32\Wbem;C:\WINDOWS\System32\WindowsPowerShell\v1.0\;C:\WINDOWS\System32\OpenSSH\;C:\Program Files\Java\jdk1.8.0_271\bin;C:\Program Files\Intel\WiFi\bin\;C:\Program Files\Common Files\Intel\WirelessCommon\;C:\Program Files\Git\cmd;C:\Program Files\apache-maven-3.8.1\bin;C:\Users\Bhumika\AppData\Local\Microsoft\WindowsApps;C:\Users\Bhumika\AppData\Local\Programs\Microsoft VS Code\bin;C:\Users\Bhumika\AppData\Local\GitHubDesktop\bin;."/>
    <property name="java.vm.vendor" value="Oracle Corporation"/>
    <property name="APPDATA" value="C:\Users\Bhumika\AppData\Roaming"/>
    <property name="java.runtime.name" value="Java(TM) SE Runtime Environment"/>
    <property name="maven.home" value="C:\Program Files\apache-maven-3.8.1"/>
    <property name="java.class.path" value="C:\Users\Bhumika\.jenkins\plugins\maven-plugin\WEB-INF\lib\maven35-agent-1.13.jar;C:\Program Files\apache-maven-3.8.1\boot\plexus-classworlds-2.6.0.jar;C:\Program Files\apache-maven-3.8.1/conf/logging"/>
    <property name="sun.java.command" value="jenkins.maven3.agent.Maven35Main C:\Program Files\apache-maven-3.8.1 C:\Users\Bhumika\.jenkins\war\WEB-INF\lib\remoting-4.7.jar C:\Users\Bhumika\.jenkins\plugins\maven-plugin\WEB-INF\lib\maven35-interceptor-1.13.jar C:\Users\Bhumika\.jenkins\plugins\maven-plugin\WEB-INF\lib\maven3-interceptor-commons-1.13.jar 60481"/>
    <property name="Path" value="C:\Program Files\Java\jdk1.8.0_271/bin;C:\WINDOWS\system32;C:\WINDOWS;C:\WINDOWS\System32\Wbem;C:\WINDOWS\System32\WindowsPowerShell\v1.0\;C:\WINDOWS\System32\OpenSSH\;C:\Program Files\Java\jdk1.8.0_271\bin;C:\Program Files\Intel\WiFi\bin\;C:\Program Files\Common Files\Intel\WirelessCommon\;C:\Program Files\Git\cmd;C:\Program Files\apache-maven-3.8.1\bin;C:\Users\Bhumika\AppData\Local\Microsoft\WindowsApps;C:\Users\Bhumika\AppData\Local\Programs\Microsoft VS Code\bin;C:\Users\Bhumika\AppData\Local\GitHubDesktop\bin"/>
    <property name="java.vm.specification.name" value="Java Virtual Machine Specification"/>
    <property name="PROCESSOR_ARCHITECTURE" value="AMD64"/>
    <property name="PATH+JDK" value="C:\Program Files\Java\jdk1.8.0_271/bin"/>
    <property name="PROCESSOR_IDENTIFIER" value="Intel64 Family 6 Model 142 Stepping 9, GenuineIntel"/>
    <property name="java.vm.specification.version" value="1.8"/>
    <property name="sun.os.patch.level" value=""/>
    <property name="sun.cpu.endian" value="little"/>
    <property name="M2_HOME" value="C:\Program Files\apache-maven-3.8.1"/>
    <property name="java.io.tmpdir" value="C:\Users\Bhumika\AppData\Local\Temp\"/>
    <property name="CI" value="true"/>
    <property name="OS" value="Windows_NT"/>
    <property name="HUDSON_HOME" value="C:\Users\Bhumika\.jenkins"/>
    <property name="PATH+MAVEN" value="C:\Program Files\apache-maven-3.8.1/bin"/>
    <property name="ProgramFiles(x86)" value="C:\Program Files (x86)"/>
    <property name="BUILD_URL" value="http://localhost:8080/job/Test1/7/"/>
    <property name="java.vendor.url.bug" value="http://bugreport.sun.com/bugreport/"/>
    <property name="java.awt.graphicsenv" value="sun.awt.Win32GraphicsEnvironment"/>
    <property name="os.arch" value="amd64"/>
    <property name="SystemRoot" value="C:\WINDOWS"/>
    <property name="java.ext.dirs" value="C:\Program Files\Java\jdk1.8.0_271\jre\lib\ext;C:\WINDOWS\Sun\Java\lib\ext"/>
    <property name="user.dir" value="C:\Users\Bhumika\Automation\AutomationFramwork-Selenium"/>
    <property name="JOB_URL" value="http://localhost:8080/job/Test1/"/>
    <property name="LOGONSERVER" value="\\BHUMIKA-PC"/>
    <property name="USERDOMAIN" value="BHUMIKA-PC"/>
    <property name="line.separator" value="&#10;"/>
    <property name="MAVEN_HOME" value="C:\Program Files\apache-maven-3.8.1"/>
    <property name="java.vm.name" value="Java HotSpot(TM) 64-Bit Server VM"/>
    <property name="BUILD_NUMBER" value="7"/>
    <property name="JENKINS_URL" value="http://localhost:8080/"/>
    <property name="PROCESSOR_REVISION" value="8e09"/>
    <property name="GIT_BRANCH" value="origin/master"/>
    <property name="ProgramW6432" value="C:\Program Files"/>
    <property name="windir" value="C:\WINDOWS"/>
    <property name="GIT_COMMIT" value="9ccb5449fe8d5548ab07407f75b31d961abd4995"/>
    <property name="=C:" value="c:\Users\Bhumika\JenkinsFile"/>
    <property name="file.encoding" value="Cp1252"/>
    <property name="SystemDrive" value="C:"/>
    <property name="maven3.interceptor" value="C:\Users\Bhumika\.jenkins\plugins\maven-plugin\WEB-INF\lib\maven35-interceptor-1.13.jar"/>
    <property name="WORKSPACE_TMP" value="C:\Users\Bhumika\.jenkins\workspace\Test1@tmp"/>
    <property name="WORKSPACE" value="C:\Users\Bhumika\.jenkins\workspace\Test1"/>
    <property name="maven3.interceptor.common" value="C:\Users\Bhumika\.jenkins\plugins\maven-plugin\WEB-INF\lib\maven3-interceptor-commons-1.13.jar"/>
    <property name="java.specification.version" value="1.8"/>
    <property name="PSModulePath" value="C:\WINDOWS\system32\WindowsPowerShell\v1.0\Modules\"/>
    <property name="DriverData" value="C:\Windows\System32\Drivers\DriverData"/>
    <property name="GIT_URL" value="https://github.com/jaiswalvivek91/Selenium_BDD_Framework.git"/>
  </properties>
  <testcase name="Verify flight booking for users #1" classname="This feature will validate flight booking functionality" time="9.714">
    <failure message="Msg is valid" type="java.lang.AssertionError">java.lang.AssertionError: Msg is valid
	at org.junit.Assert.fail(Assert.java:88)
	at org.junit.Assert.assertTrue(Assert.java:41)
	at com.test.stepDefinitions.FlightStepDefs.userValidatesPurchaseDetails(FlightStepDefs.java:138)
	at ✽.user validates purchase details(file:///C:/Users/Bhumika/Automation/AutomationFramwork-Selenium/src/test/resources/features/Flight.feature:11)
</failure>
    <system-out><![CDATA[
@test
Scenario Outline: Verify flight booking for users    # src/test/resources/features/Flight.feature:14
  Given User navigates to flight booking application # com.test.stepDefinitions.FlightStepDefs.user_navigates_to_flight_booking_application()
  When user selects "Paris" and "Rome" city          # com.test.stepDefinitions.FlightStepDefs.userFromAndToCity(java.lang.String,java.lang.String)
  And click on Find Flights button                   # com.test.stepDefinitions.FlightStepDefs.clickOnFindFlightsButton()
  And user choose flight to reserve ticket           # com.test.stepDefinitions.FlightStepDefs.userChooseFlightToReserveTicket()
  And user enters all passenger details              # com.test.stepDefinitions.FlightStepDefs.userEntersAllPassengerDetailsAndClicksOnPurchaseFlightButton()
  And clicks on Purchase Flight button               # com.test.stepDefinitions.FlightStepDefs.clicksOnPurchaseFlightButton()
  Then user validates purchase details               # com.test.stepDefinitions.FlightStepDefs.userValidatesPurchaseDetails()
      java.lang.AssertionError: Msg is valid
	at org.junit.Assert.fail(Assert.java:88)
	at org.junit.Assert.assertTrue(Assert.java:41)
	at com.test.stepDefinitions.FlightStepDefs.userValidatesPurchaseDetails(FlightStepDefs.java:138)
	at âœ½.user validates purchase details(file:///C:/Users/Bhumika/Automation/AutomationFramwork-Selenium/src/test/resources/features/Flight.feature:11)


    Embedding image [image/png 48763 bytes]

]]></system-out>
    <system-err><![CDATA[Jul 02, 2021 1:06:20 AM com.test.Pages.BaseFlight <init>
INFO: properties loaded
Jul 02, 2021 1:06:20 AM com.test.Pages.BaseFlight <init>
INFO: properties loaded
Jul 02, 2021 1:06:20 AM com.test.Pages.BaseFlight <init>
INFO: properties loaded
Jul 02, 2021 1:06:20 AM com.test.Pages.BaseFlight <init>
INFO: properties loaded
Jul 02, 2021 1:06:20 AM com.test.Pages.BaseFlight <init>
INFO: properties loaded
Jul 02, 2021 1:06:20 AM com.test.Pages.BaseFlight <init>
INFO: properties loaded
Starting ChromeDriver 91.0.4472.101 (af52a90bf87030dd1523486a1cd3ae25c5d76c9b-refs/branch-heads/4472@{#1462}) on port 45681
Only local connections are allowed.
Please see https://chromedriver.chromium.org/security-considerations for suggestions on keeping ChromeDriver safe.
ChromeDriver was started successfully.
Jul 02, 2021 1:06:23 AM org.openqa.selenium.remote.ProtocolHandshake createSession
INFO: Detected dialect: W3C
Jul 02, 2021 1:06:23 AM com.test.utils.BrowserFactory getBrowserDriver
INFO: chrome browser opened
Jul 02, 2021 1:06:25 AM com.test.Pages.BaseFlight <init>
INFO: properties loaded
Jul 02, 2021 1:06:25 AM com.test.Pages.BaseFlight <init>
INFO: properties loaded
Jul 02, 2021 1:06:25 AM com.test.Pages.BaseFlight <init>
INFO: properties loaded
Jul 02, 2021 1:06:25 AM com.test.Pages.BaseFlight <init>
INFO: properties loaded
Jul 02, 2021 1:06:25 AM com.test.Pages.BaseFlight <init>
INFO: properties loaded
Jul 02, 2021 1:06:25 AM com.test.Pages.BaseFlight <init>
INFO: properties loaded
Jul 02, 2021 1:06:25 AM com.test.Pages.BaseFlight <init>
INFO: properties loaded
Jul 02, 2021 1:06:25 AM com.test.Pages.BaseFlight <init>
INFO: properties loaded
Jul 02, 2021 1:06:25 AM com.test.Pages.BaseFlight <init>
INFO: properties loaded
Jul 02, 2021 1:06:25 AM com.test.Pages.BaseFlight <init>
INFO: properties loaded
Jul 02, 2021 1:06:25 AM com.test.Pages.BaseFlight <init>
INFO: properties loaded
Jul 02, 2021 1:06:25 AM com.test.Pages.BaseFlight <init>
INFO: properties loaded
Jul 02, 2021 1:06:25 AM com.test.Pages.BaseFlight <init>
INFO: properties loaded
Jul 02, 2021 1:06:25 AM com.test.Pages.BaseFlight <init>
INFO: properties loaded
Jul 02, 2021 1:06:25 AM com.test.Pages.BaseFlight <init>
INFO: properties loaded
Jul 02, 2021 1:06:25 AM com.test.Pages.BaseFlight <init>
INFO: properties loaded
Jul 02, 2021 1:06:25 AM com.test.Pages.BaseFlight <init>
INFO: properties loaded
Jul 02, 2021 1:06:25 AM com.test.Pages.BaseFlight <init>
INFO: properties loaded
Jul 02, 2021 1:06:25 AM com.test.Pages.BaseFlight <init>
INFO: properties loaded
Jul 02, 2021 1:06:25 AM com.test.Pages.BaseFlight <init>
INFO: properties loaded
Jul 02, 2021 1:06:25 AM com.test.Pages.BaseFlight <init>
INFO: properties loaded
Jul 02, 2021 1:06:25 AM com.test.Pages.BaseFlight <init>
INFO: properties loaded
Jul 02, 2021 1:06:25 AM com.test.Pages.BaseFlight <init>
INFO: properties loaded
Jul 02, 2021 1:06:25 AM com.test.Pages.BaseFlight <init>
INFO: properties loaded
Jul 02, 2021 1:06:25 AM com.test.Pages.BaseFlight <init>
INFO: properties loaded
Jul 02, 2021 1:06:25 AM com.test.Pages.BaseFlight <init>
INFO: properties loaded
Jul 02, 2021 1:06:25 AM com.test.Pages.BaseFlight <init>
INFO: properties loaded
Jul 02, 2021 1:06:25 AM com.test.Pages.BaseFlight <init>
INFO: properties loaded
Jul 02, 2021 1:06:25 AM com.test.Pages.BaseFlight <init>
INFO: properties loaded
Jul 02, 2021 1:06:25 AM com.test.Pages.BaseFlight <init>
INFO: properties loaded
Jul 02, 2021 1:06:26 AM com.test.Pages.BaseFlight <init>
INFO: properties loaded
Jul 02, 2021 1:06:26 AM com.test.Pages.BaseFlight <init>
INFO: properties loaded
Jul 02, 2021 1:06:26 AM com.test.Pages.BaseFlight <init>
INFO: properties loaded
Jul 02, 2021 1:06:26 AM com.test.Pages.BaseFlight <init>
INFO: properties loaded
Jul 02, 2021 1:06:26 AM com.test.Pages.BaseFlight <init>
INFO: properties loaded
Jul 02, 2021 1:06:26 AM com.test.Pages.BaseFlight <init>
INFO: properties loaded
Jul 02, 2021 1:06:26 AM com.test.Pages.BaseFlight <init>
INFO: properties loaded
Jul 02, 2021 1:06:26 AM com.test.Pages.BaseFlight <init>
INFO: properties loaded
Jul 02, 2021 1:06:26 AM com.test.Pages.BaseFlight <init>
INFO: properties loaded
Jul 02, 2021 1:06:26 AM com.test.Pages.BaseFlight <init>
INFO: properties loaded
Jul 02, 2021 1:06:26 AM com.test.Pages.BaseFlight <init>
INFO: properties loaded
Jul 02, 2021 1:06:26 AM com.test.Pages.BaseFlight <init>
INFO: properties loaded
Jul 02, 2021 1:06:26 AM com.test.Pages.BaseFlight <init>
INFO: properties loaded
Jul 02, 2021 1:06:26 AM com.test.Pages.BaseFlight <init>
INFO: properties loaded
Jul 02, 2021 1:06:26 AM com.test.Pages.BaseFlight <init>
INFO: properties loaded
Jul 02, 2021 1:06:26 AM com.test.Pages.BaseFlight <init>
INFO: properties loaded
Jul 02, 2021 1:06:26 AM com.test.Pages.BaseFlight <init>
INFO: properties loaded
Jul 02, 2021 1:06:26 AM com.test.Pages.BaseFlight <init>
INFO: properties loaded
Jul 02, 2021 1:06:26 AM com.test.Pages.BaseFlight <init>
INFO: properties loaded
Jul 02, 2021 1:06:26 AM com.test.Pages.BaseFlight <init>
INFO: properties loaded
Jul 02, 2021 1:06:26 AM com.test.Pages.BaseFlight <init>
INFO: properties loaded
Jul 02, 2021 1:06:26 AM com.test.Pages.BaseFlight <init>
INFO: properties loaded
Jul 02, 2021 1:06:26 AM com.test.Pages.BaseFlight <init>
INFO: properties loaded
Jul 02, 2021 1:06:26 AM com.test.Pages.BaseFlight <init>
INFO: properties loaded
Jul 02, 2021 1:06:27 AM com.test.Pages.BaseFlight <init>
INFO: properties loaded
Jul 02, 2021 1:06:27 AM com.test.Pages.BaseFlight <init>
INFO: properties loaded
Jul 02, 2021 1:06:27 AM com.test.Pages.BaseFlight <init>
INFO: properties loaded
Jul 02, 2021 1:06:27 AM com.test.Pages.BaseFlight <init>
INFO: properties loaded
Jul 02, 2021 1:06:27 AM com.test.Pages.BaseFlight <init>
INFO: properties loaded
Jul 02, 2021 1:06:27 AM com.test.Pages.BaseFlight <init>
INFO: properties loaded
Jul 02, 2021 1:06:27 AM com.test.Pages.BaseFlight <init>
INFO: properties loaded
Jul 02, 2021 1:06:27 AM com.test.Pages.BaseFlight <init>
INFO: properties loaded
Jul 02, 2021 1:06:27 AM com.test.Pages.BaseFlight <init>
INFO: properties loaded
Jul 02, 2021 1:06:27 AM com.test.Pages.BaseFlight <init>
INFO: properties loaded
Jul 02, 2021 1:06:27 AM com.test.Pages.BaseFlight <init>
INFO: properties loaded
Jul 02, 2021 1:06:27 AM com.test.Pages.BaseFlight <init>
INFO: properties loaded
Jul 02, 2021 1:06:28 AM com.test.Pages.BaseFlight <init>
INFO: properties loaded
Jul 02, 2021 1:06:28 AM com.test.Pages.BaseFlight <init>
INFO: properties loaded
Jul 02, 2021 1:06:28 AM com.test.Pages.BaseFlight <init>
INFO: properties loaded
Jul 02, 2021 1:06:28 AM com.test.Pages.BaseFlight <init>
INFO: properties loaded
Jul 02, 2021 1:06:28 AM com.test.Pages.BaseFlight <init>
INFO: properties loaded
Jul 02, 2021 1:06:28 AM com.test.Pages.BaseFlight <init>
INFO: properties loaded
Jul 02, 2021 1:06:28 AM com.test.Pages.BaseFlight <init>
INFO: properties loaded
Jul 02, 2021 1:06:28 AM com.test.Pages.BaseFlight <init>
INFO: properties loaded
Jul 02, 2021 1:06:28 AM com.test.Pages.BaseFlight <init>
INFO: properties loaded
Jul 02, 2021 1:06:28 AM com.test.Pages.BaseFlight <init>
INFO: properties loaded
Jul 02, 2021 1:06:28 AM com.test.Pages.BaseFlight <init>
INFO: properties loaded
Jul 02, 2021 1:06:28 AM com.test.Pages.BaseFlight <init>
INFO: properties loaded
Jul 02, 2021 1:06:28 AM com.test.Pages.BaseFlight <init>
INFO: properties loaded
Jul 02, 2021 1:06:28 AM com.test.Pages.BaseFlight <init>
INFO: properties loaded
Jul 02, 2021 1:06:28 AM com.test.Pages.BaseFlight <init>
INFO: properties loaded
Jul 02, 2021 1:06:28 AM com.test.Pages.BaseFlight <init>
INFO: properties loaded
Jul 02, 2021 1:06:28 AM com.test.Pages.BaseFlight <init>
INFO: properties loaded
Jul 02, 2021 1:06:28 AM com.test.Pages.BaseFlight <init>
INFO: properties loaded
Jul 02, 2021 1:06:28 AM com.test.Pages.BaseFlight <init>
INFO: properties loaded
Jul 02, 2021 1:06:28 AM com.test.Pages.BaseFlight <init>
INFO: properties loaded
Jul 02, 2021 1:06:28 AM com.test.Pages.BaseFlight <init>
INFO: properties loaded
Jul 02, 2021 1:06:28 AM com.test.Pages.BaseFlight <init>
INFO: properties loaded
Jul 02, 2021 1:06:28 AM com.test.Pages.BaseFlight <init>
INFO: properties loaded
Jul 02, 2021 1:06:28 AM com.test.Pages.BaseFlight <init>
INFO: properties loaded
]]></system-err>
  </testcase>
  <testcase name="Verify flight booking for users #2" classname="This feature will validate flight booking functionality" time="6.801">
    <failure message="Msg is valid" type="java.lang.AssertionError">java.lang.AssertionError: Msg is valid
	at org.junit.Assert.fail(Assert.java:88)
	at org.junit.Assert.assertTrue(Assert.java:41)
	at com.test.stepDefinitions.FlightStepDefs.userValidatesPurchaseDetails(FlightStepDefs.java:138)
	at ✽.user validates purchase details(file:///C:/Users/Bhumika/Automation/AutomationFramwork-Selenium/src/test/resources/features/Flight.feature:11)
</failure>
    <system-out><![CDATA[
@test
Scenario Outline: Verify flight booking for users    # src/test/resources/features/Flight.feature:15
  Given User navigates to flight booking application # com.test.stepDefinitions.FlightStepDefs.user_navigates_to_flight_booking_application()
  When user selects "Boston" and "Berlin" city       # com.test.stepDefinitions.FlightStepDefs.userFromAndToCity(java.lang.String,java.lang.String)
  And click on Find Flights button                   # com.test.stepDefinitions.FlightStepDefs.clickOnFindFlightsButton()
  And user choose flight to reserve ticket           # com.test.stepDefinitions.FlightStepDefs.userChooseFlightToReserveTicket()
  And user enters all passenger details              # com.test.stepDefinitions.FlightStepDefs.userEntersAllPassengerDetailsAndClicksOnPurchaseFlightButton()
  And clicks on Purchase Flight button               # com.test.stepDefinitions.FlightStepDefs.clicksOnPurchaseFlightButton()
  Then user validates purchase details               # com.test.stepDefinitions.FlightStepDefs.userValidatesPurchaseDetails()
      java.lang.AssertionError: Msg is valid
	at org.junit.Assert.fail(Assert.java:88)
	at org.junit.Assert.assertTrue(Assert.java:41)
	at com.test.stepDefinitions.FlightStepDefs.userValidatesPurchaseDetails(FlightStepDefs.java:138)
	at âœ½.user validates purchase details(file:///C:/Users/Bhumika/Automation/AutomationFramwork-Selenium/src/test/resources/features/Flight.feature:11)


    Embedding image [image/png 48574 bytes]

]]></system-out>
    <system-err><![CDATA[Jul 02, 2021 1:06:29 AM com.test.Pages.BaseFlight <init>
INFO: properties loaded
Jul 02, 2021 1:06:29 AM com.test.Pages.BaseFlight <init>
INFO: properties loaded
Jul 02, 2021 1:06:29 AM com.test.Pages.BaseFlight <init>
INFO: properties loaded
Jul 02, 2021 1:06:29 AM com.test.Pages.BaseFlight <init>
INFO: properties loaded
Jul 02, 2021 1:06:29 AM com.test.Pages.BaseFlight <init>
INFO: properties loaded
Jul 02, 2021 1:06:29 AM com.test.Pages.BaseFlight <init>
INFO: properties loaded
Starting ChromeDriver 91.0.4472.101 (af52a90bf87030dd1523486a1cd3ae25c5d76c9b-refs/branch-heads/4472@{#1462}) on port 36414
Only local connections are allowed.
Please see https://chromedriver.chromium.org/security-considerations for suggestions on keeping ChromeDriver safe.
ChromeDriver was started successfully.
Jul 02, 2021 1:06:31 AM org.openqa.selenium.remote.ProtocolHandshake createSession
INFO: Detected dialect: W3C
Jul 02, 2021 1:06:31 AM com.test.utils.BrowserFactory getBrowserDriver
INFO: chrome browser opened
Jul 02, 2021 1:06:32 AM com.test.Pages.BaseFlight <init>
INFO: properties loaded
Jul 02, 2021 1:06:32 AM com.test.Pages.BaseFlight <init>
INFO: properties loaded
Jul 02, 2021 1:06:32 AM com.test.Pages.BaseFlight <init>
INFO: properties loaded
Jul 02, 2021 1:06:32 AM com.test.Pages.BaseFlight <init>
INFO: properties loaded
Jul 02, 2021 1:06:32 AM com.test.Pages.BaseFlight <init>
INFO: properties loaded
Jul 02, 2021 1:06:32 AM com.test.Pages.BaseFlight <init>
INFO: properties loaded
Jul 02, 2021 1:06:32 AM com.test.Pages.BaseFlight <init>
INFO: properties loaded
Jul 02, 2021 1:06:32 AM com.test.Pages.BaseFlight <init>
INFO: properties loaded
Jul 02, 2021 1:06:32 AM com.test.Pages.BaseFlight <init>
INFO: properties loaded
Jul 02, 2021 1:06:32 AM com.test.Pages.BaseFlight <init>
INFO: properties loaded
Jul 02, 2021 1:06:32 AM com.test.Pages.BaseFlight <init>
INFO: properties loaded
Jul 02, 2021 1:06:32 AM com.test.Pages.BaseFlight <init>
INFO: properties loaded
Jul 02, 2021 1:06:32 AM com.test.Pages.BaseFlight <init>
INFO: properties loaded
Jul 02, 2021 1:06:32 AM com.test.Pages.BaseFlight <init>
INFO: properties loaded
Jul 02, 2021 1:06:32 AM com.test.Pages.BaseFlight <init>
INFO: properties loaded
Jul 02, 2021 1:06:32 AM com.test.Pages.BaseFlight <init>
INFO: properties loaded
Jul 02, 2021 1:06:32 AM com.test.Pages.BaseFlight <init>
INFO: properties loaded
Jul 02, 2021 1:06:32 AM com.test.Pages.BaseFlight <init>
INFO: properties loaded
Jul 02, 2021 1:06:33 AM com.test.Pages.BaseFlight <init>
INFO: properties loaded
Jul 02, 2021 1:06:33 AM com.test.Pages.BaseFlight <init>
INFO: properties loaded
Jul 02, 2021 1:06:33 AM com.test.Pages.BaseFlight <init>
INFO: properties loaded
Jul 02, 2021 1:06:33 AM com.test.Pages.BaseFlight <init>
INFO: properties loaded
Jul 02, 2021 1:06:33 AM com.test.Pages.BaseFlight <init>
INFO: properties loaded
Jul 02, 2021 1:06:33 AM com.test.Pages.BaseFlight <init>
INFO: properties loaded
Jul 02, 2021 1:06:33 AM com.test.Pages.BaseFlight <init>
INFO: properties loaded
Jul 02, 2021 1:06:33 AM com.test.Pages.BaseFlight <init>
INFO: properties loaded
Jul 02, 2021 1:06:33 AM com.test.Pages.BaseFlight <init>
INFO: properties loaded
Jul 02, 2021 1:06:33 AM com.test.Pages.BaseFlight <init>
INFO: properties loaded
Jul 02, 2021 1:06:33 AM com.test.Pages.BaseFlight <init>
INFO: properties loaded
Jul 02, 2021 1:06:33 AM com.test.Pages.BaseFlight <init>
INFO: properties loaded
Jul 02, 2021 1:06:33 AM com.test.Pages.BaseFlight <init>
INFO: properties loaded
Jul 02, 2021 1:06:33 AM com.test.Pages.BaseFlight <init>
INFO: properties loaded
Jul 02, 2021 1:06:33 AM com.test.Pages.BaseFlight <init>
INFO: properties loaded
Jul 02, 2021 1:06:33 AM com.test.Pages.BaseFlight <init>
INFO: properties loaded
Jul 02, 2021 1:06:33 AM com.test.Pages.BaseFlight <init>
INFO: properties loaded
Jul 02, 2021 1:06:33 AM com.test.Pages.BaseFlight <init>
INFO: properties loaded
Jul 02, 2021 1:06:33 AM com.test.Pages.BaseFlight <init>
INFO: properties loaded
Jul 02, 2021 1:06:33 AM com.test.Pages.BaseFlight <init>
INFO: properties loaded
Jul 02, 2021 1:06:33 AM com.test.Pages.BaseFlight <init>
INFO: properties loaded
Jul 02, 2021 1:06:33 AM com.test.Pages.BaseFlight <init>
INFO: properties loaded
Jul 02, 2021 1:06:33 AM com.test.Pages.BaseFlight <init>
INFO: properties loaded
Jul 02, 2021 1:06:33 AM com.test.Pages.BaseFlight <init>
INFO: properties loaded
Jul 02, 2021 1:06:34 AM com.test.Pages.BaseFlight <init>
INFO: properties loaded
Jul 02, 2021 1:06:34 AM com.test.Pages.BaseFlight <init>
INFO: properties loaded
Jul 02, 2021 1:06:34 AM com.test.Pages.BaseFlight <init>
INFO: properties loaded
Jul 02, 2021 1:06:34 AM com.test.Pages.BaseFlight <init>
INFO: properties loaded
Jul 02, 2021 1:06:34 AM com.test.Pages.BaseFlight <init>
INFO: properties loaded
Jul 02, 2021 1:06:34 AM com.test.Pages.BaseFlight <init>
INFO: properties loaded
Jul 02, 2021 1:06:34 AM com.test.Pages.BaseFlight <init>
INFO: properties loaded
Jul 02, 2021 1:06:34 AM com.test.Pages.BaseFlight <init>
INFO: properties loaded
Jul 02, 2021 1:06:34 AM com.test.Pages.BaseFlight <init>
INFO: properties loaded
Jul 02, 2021 1:06:34 AM com.test.Pages.BaseFlight <init>
INFO: properties loaded
Jul 02, 2021 1:06:34 AM com.test.Pages.BaseFlight <init>
INFO: properties loaded
Jul 02, 2021 1:06:34 AM com.test.Pages.BaseFlight <init>
INFO: properties loaded
Jul 02, 2021 1:06:35 AM com.test.Pages.BaseFlight <init>
INFO: properties loaded
Jul 02, 2021 1:06:35 AM com.test.Pages.BaseFlight <init>
INFO: properties loaded
Jul 02, 2021 1:06:35 AM com.test.Pages.BaseFlight <init>
INFO: properties loaded
Jul 02, 2021 1:06:35 AM com.test.Pages.BaseFlight <init>
INFO: properties loaded
Jul 02, 2021 1:06:35 AM com.test.Pages.BaseFlight <init>
INFO: properties loaded
Jul 02, 2021 1:06:35 AM com.test.Pages.BaseFlight <init>
INFO: properties loaded
Jul 02, 2021 1:06:35 AM com.test.Pages.BaseFlight <init>
INFO: properties loaded
Jul 02, 2021 1:06:35 AM com.test.Pages.BaseFlight <init>
INFO: properties loaded
Jul 02, 2021 1:06:35 AM com.test.Pages.BaseFlight <init>
INFO: properties loaded
Jul 02, 2021 1:06:35 AM com.test.Pages.BaseFlight <init>
INFO: properties loaded
Jul 02, 2021 1:06:35 AM com.test.Pages.BaseFlight <init>
INFO: properties loaded
Jul 02, 2021 1:06:35 AM com.test.Pages.BaseFlight <init>
INFO: properties loaded
Jul 02, 2021 1:06:35 AM com.test.Pages.BaseFlight <init>
INFO: properties loaded
Jul 02, 2021 1:06:35 AM com.test.Pages.BaseFlight <init>
INFO: properties loaded
Jul 02, 2021 1:06:35 AM com.test.Pages.BaseFlight <init>
INFO: properties loaded
Jul 02, 2021 1:06:35 AM com.test.Pages.BaseFlight <init>
INFO: properties loaded
Jul 02, 2021 1:06:35 AM com.test.Pages.BaseFlight <init>
INFO: properties loaded
Jul 02, 2021 1:06:35 AM com.test.Pages.BaseFlight <init>
INFO: properties loaded
Jul 02, 2021 1:06:35 AM com.test.Pages.BaseFlight <init>
INFO: properties loaded
Jul 02, 2021 1:06:35 AM com.test.Pages.BaseFlight <init>
INFO: properties loaded
Jul 02, 2021 1:06:35 AM com.test.Pages.BaseFlight <init>
INFO: properties loaded
Jul 02, 2021 1:06:35 AM com.test.Pages.BaseFlight <init>
INFO: properties loaded
Jul 02, 2021 1:06:35 AM com.test.Pages.BaseFlight <init>
INFO: properties loaded
Jul 02, 2021 1:06:35 AM com.test.Pages.BaseFlight <init>
INFO: properties loaded
Jul 02, 2021 1:06:35 AM com.test.Pages.BaseFlight <init>
INFO: properties loaded
Jul 02, 2021 1:06:35 AM com.test.Pages.BaseFlight <init>
INFO: properties loaded
Jul 02, 2021 1:06:35 AM com.test.Pages.BaseFlight <init>
INFO: properties loaded
Jul 02, 2021 1:06:35 AM com.test.Pages.BaseFlight <init>
INFO: properties loaded
Jul 02, 2021 1:06:35 AM com.test.Pages.BaseFlight <init>
INFO: properties loaded
Jul 02, 2021 1:06:35 AM com.test.Pages.BaseFlight <init>
INFO: properties loaded
Jul 02, 2021 1:06:35 AM com.test.Pages.BaseFlight <init>
INFO: properties loaded
Jul 02, 2021 1:06:35 AM com.test.Pages.BaseFlight <init>
INFO: properties loaded
Jul 02, 2021 1:06:35 AM com.test.Pages.BaseFlight <init>
INFO: properties loaded
Jul 02, 2021 1:06:35 AM com.test.Pages.BaseFlight <init>
INFO: properties loaded
Jul 02, 2021 1:06:35 AM com.test.Pages.BaseFlight <init>
INFO: properties loaded
Jul 02, 2021 1:06:35 AM com.test.Pages.BaseFlight <init>
INFO: properties loaded
]]></system-err>
  </testcase>
</testsuite>